<?xml version="1.0" encoding="UTF-8"?>
<!-- Generated by org.testng.reporters.JUnitReportReporter -->
<testsuite hostname="DESKTOP-3FO53C9" failures="0" tests="2" name="com.crm.TestCases.LoginPageTest" time="63.078" errors="0" timestamp="2022-12-06T12:02:44 IST" skipped="0">
  <testcase classname="com.crm.TestCases.LoginPageTest" name="logintest" time="37.916"/>
  <testcase classname="com.crm.TestCases.LoginPageTest" name="logintitleTest" time="25.162"/>
</testsuite> <!-- com.crm.TestCases.LoginPageTest -->
