<?xml version="1.0" encoding="UTF-8"?>
<!-- Generated by org.testng.reporters.JUnitReportReporter -->
<testsuite hostname="DESKTOP-3FO53C9" failures="0" tests="3" name="com.crm.TestCases.SearchPageTest" time="71.987" errors="0" timestamp="2022-12-06T12:02:44 IST" skipped="0">
  <testcase classname="com.crm.TestCases.SearchPageTest" name="searchtitletest" time="23.497"/>
  <testcase classname="com.crm.TestCases.SearchPageTest" name="titleverifyTEST" time="23.886"/>
  <testcase classname="com.crm.TestCases.SearchPageTest" name="AddproductToCartTest" time="24.604"/>
</testsuite> <!-- com.crm.TestCases.SearchPageTest -->
