<?xml version="1.0" encoding="UTF-8"?>
<!-- Generated by org.testng.reporters.JUnitReportReporter -->
<testsuite hostname="DESKTOP-3FO53C9" failures="0" tests="1" name="com.crm.TestCases.ShoppingCartPageTest" time="58.682" errors="0" timestamp="2022-12-06T12:02:44 IST" skipped="0">
  <testcase classname="com.crm.TestCases.ShoppingCartPageTest" name="TestSuccesfullyProductBook" time="58.682"/>
</testsuite> <!-- com.crm.TestCases.ShoppingCartPageTest -->
