<?xml version="1.0" encoding="UTF-8"?>
<!-- Generated by org.testng.reporters.JUnitReportReporter -->
<testsuite hostname="DESKTOP-3FO53C9" failures="0" tests="1" name="com.crm.TestCases.SuccessMessageTest" time="30.112" errors="0" timestamp="2022-12-06T12:02:44 IST" skipped="0">
  <testcase classname="com.crm.TestCases.SuccessMessageTest" name="validatesuccesMessage" time="30.112"/>
</testsuite> <!-- com.crm.TestCases.SuccessMessageTest -->
